[19:42:18] [main/INFO]: Loading Minecraft 1.19.2 with Fabric Loader 0.14.10
[19:42:19] [main/INFO]: Dependencies overridden for fabric-api, cem, colormatic, debugify
[19:42:19] [main/WARN]: Warnings were found!
 - Mod 'Fabric API' (fabric-api) 0.64.0+1.19.2 recommends any version after 4.4.4 of Fabulously Optimized, which is missing!
	 - You should install any version after 4.4.4 of Fabulously Optimized for the optimal experience.
[19:42:19] [main/INFO]: Loading 167 mods:
	- advanced_runtime_resource_pack 0.6.2 via enhancedblockentities
	- advancementinfo 1.19.1-fabric0.58.5-1.3.1
	- amecsapi 1.3.6+mc22w17a via backslot
	- animatica 0.5+1.19
	- antighost 1.19.1-fabric0.58.5-1.1.5
	- backslot 1.2.10
	- backslotaddon 1.0.10
	- balm-fabric 4.5.2+0
	- betteradvancements 0.2.2.142
	- bettermounthud 1.2.0
	- betterthirdperson 1.8.1
	- bookshelf 16.1.11
	- borderlessmining 1.1.5+1.19
	- caffeineconfig 1.0.0+1.17 via sodium-extra
	- capes 1.4.5+1.19
	- cardinal-components-base 5.0.2 via puzzleslib
	- cardinal-components-block 5.0.2 via puzzleslib
	- cardinal-components-chunk 5.0.2 via puzzleslib
	- cardinal-components-entity 5.0.2 via puzzleslib
	- cardinal-components-world 5.0.2 via puzzleslib
	- cem 0.7.1
	- citresewn 1.1.2+1.19.2
	- citresewn-defaults 1.1.2+1.19.2 via citresewn
	- cloth-basic-math 0.6.1 via cloth-config
	- cloth-config 8.2.88
	- clumps 9.0.0+11
	- colormatic 3.1.2+mc.1.19
	- com_electronwill_night-config_core 3.6.5 via forgeconfigapiport
	- com_electronwill_night-config_toml 3.6.5 via forgeconfigapiport
	- com_github_llamalad7_mixinextras 0.0.12 via cull-less-leaves
	- com_logisticscraft_occlusionculling 0.0.6-SNAPSHOT via entityculling
	- com_moandjiezana_toml_toml4j 0.7.2 via dynamicfps
	- completeconfig-base 2.0.0-beta.3 via cem
	- completeconfig-gui-cloth 2.0.0-beta.3 via cem
	- conditional-mixin 0.3.0 via cull-less-leaves
	- continuity 2.0.1+1.19
	- controlling 10.0+7
	- crowdin-translate 1.4+1.19 via antighost
	- cull-less-leaves 1.0.6
	- debugify 2.7.1
	- dev_isxander_settxi_settxi-core 2.10.3 via zoomify
	- dev_isxander_settxi_settxi-gui 2.10.3 via zoomify
	- dev_isxander_settxi_settxi-kotlinx-serialization 2.10.3 via zoomify
	- dynamicfps 2.2.0
	- enchdesc 13.0.8
	- enhancedblockentities 0.7.2+1.19.2
	- entity_texture_features 4.1.1
	- entityculling 1.5.2-mc1.19
	- fabric-api 0.64.0+1.19.2
	- fabric-api-base 0.4.12+93d8cb8290 via fabric-api
	- fabric-api-lookup-api-v1 1.6.10+93d8cb8290 via fabric-api
	- fabric-biome-api-v1 9.0.18+c6af733c90 via fabric-api
	- fabric-blockrenderlayer-v1 1.1.21+c6af733c90 via fabric-api
	- fabric-client-tags-api-v1 1.0.2+b35fea8390 via fabric-api
	- fabric-command-api-v1 1.2.12+f71b366f90 via fabric-api
	- fabric-command-api-v2 2.1.8+93d8cb8290 via fabric-api
	- fabric-commands-v0 0.2.29+df3654b390 via fabric-api
	- fabric-containers-v0 0.1.35+df3654b390 via fabric-api
	- fabric-content-registries-v0 3.4.0+6064db2a90 via fabric-api
	- fabric-convention-tags-v1 1.1.2+93d8cb8290 via fabric-api
	- fabric-crash-report-info-v1 0.2.6+aeb40ebe90 via fabric-api
	- fabric-data-generation-api-v1 5.2.2+b598f4ac90 via fabric-api
	- fabric-dimensions-v1 2.1.32+0dd10df690 via fabric-api
	- fabric-entity-events-v1 1.4.19+9ff28f4090 via fabric-api
	- fabric-events-interaction-v0 0.4.29+c6af733c90 via fabric-api
	- fabric-events-lifecycle-v0 0.2.29+df3654b390 via fabric-api
	- fabric-game-rule-api-v1 1.0.22+c6af733c90 via fabric-api
	- fabric-item-api-v1 1.5.8+93d8cb8290 via fabric-api
	- fabric-item-groups-v0 0.3.32+70efcffe90 via fabric-api
	- fabric-key-binding-api-v1 1.0.22+aaaf9d3390 via fabric-api
	- fabric-keybindings-v0 0.2.20+df3654b390 via fabric-api
	- fabric-language-kotlin 1.8.5+kotlin.1.7.20
	- fabric-lifecycle-events-v1 2.2.0+33ffe9ec90 via fabric-api
	- fabric-loot-api-v2 1.1.6+83a8659290 via fabric-api
	- fabric-loot-tables-v1 1.1.9+9e7660c690 via fabric-api
	- fabric-message-api-v1 5.0.4+93d8cb8290 via fabric-api
	- fabric-mining-level-api-v1 2.1.17+33fbc73890 via fabric-api
	- fabric-models-v0 0.3.18+c6af733c90 via fabric-api
	- fabric-networking-api-v1 1.2.5+c6af733c90 via fabric-api
	- fabric-networking-v0 0.3.22+df3654b390 via fabric-api
	- fabric-object-builder-api-v1 4.0.14+93d8cb8290 via fabric-api
	- fabric-particles-v1 1.0.11+79adfe0a90 via fabric-api
	- fabric-registry-sync-v0 0.9.26+c6af733c90 via fabric-api
	- fabric-renderer-api-v1 1.0.12+c0ae659d90 via fabric-api
	- fabric-renderer-indigo 0.6.14+aeb40ebe90 via fabric-api
	- fabric-renderer-registries-v1 3.2.21+df3654b390 via fabric-api
	- fabric-rendering-data-attachment-v1 0.3.15+aeb40ebe90 via fabric-api
	- fabric-rendering-fluids-v1 3.0.8+c6af733c90 via fabric-api
	- fabric-rendering-v0 1.1.23+df3654b390 via fabric-api
	- fabric-rendering-v1 1.11.0+73145abb90 via fabric-api
	- fabric-resource-conditions-api-v1 2.1.0+aae9039d90 via fabric-api
	- fabric-resource-loader-v0 0.7.2+70efcffe90 via fabric-api
	- fabric-screen-api-v1 1.0.27+93d8cb8290 via fabric-api
	- fabric-screen-handler-api-v1 1.3.1+1cc24b1b90 via fabric-api
	- fabric-sound-api-v1 1.0.0+c4f28df590 via fabric-api
	- fabric-textures-v0 1.0.21+aeb40ebe90 via fabric-api
	- fabric-transfer-api-v1 2.1.1+93d8cb8290 via fabric-api
	- fabric-transitive-access-wideners-v1 1.3.1+42d99c3290 via fabric-api
	- fabricloader 0.14.10
	- fabrishot 1.9.1
	- farsight 1.19-2.1
	- ferritecore 4.2.1
	- forgeconfigapiport 4.2.6
	- indium 1.0.9+mc1.19.2
	- inventoryhud 3.4.2
	- io_github_douira_glsl-transformer 1.0.0-pre21.2 via iris
	- iris 1.4.0
	- isxander-main-menu-credits 1.1.1
	- itemmodelfix 1.0.3+1.19
	- jade 8.2.3
	- java 17
	- jei 11.4.0.274
	- lambdabettergrass 1.3.0+1.19
	- lambdynlights 2.1.2+1.19
	- languagereload 1.3.2
	- lazydfu 0.1.3
	- lithium 0.10.0
	- memoryleakfix 1.19.1-0.7.0
	- midnightcontrols 1.7.1+1.19
	- midnightlib 0.6.1 via midnightcontrols
	- minecraft 1.19.2
	- mixin-conflict-helper 1.2.0
	- mixintrace 1.1.1+1.17
	- modmenu 4.0.6
	- morechathistory 1.1.1
	- nochatreports 1.19.2-v1.13.10
	- nofade 1.18-2.0.1
	- omega-config 1.2.3-1.18.1 via capes
	- optigui 1.1.6
	- orderly 2.0.0-alpha.10+custom-1.18
	- org_anarres_jcpp 1.4.14 via iris
	- org_antlr_antlr4-runtime 4.10.1 via iris
	- org_apache_commons_commons-text 1.9 via optigui
	- org_apache_httpcomponents_httpmime 4.5.10 via entity_texture_features
	- org_aperlambda_lambdajcommon 1.8.1 via midnightcontrols
	- org_jetbrains_kotlin_kotlin-reflect 1.7.20 via fabric-language-kotlin
	- org_jetbrains_kotlin_kotlin-stdlib 1.7.20 via fabric-language-kotlin
	- org_jetbrains_kotlin_kotlin-stdlib-jdk7 1.7.20 via fabric-language-kotlin
	- org_jetbrains_kotlin_kotlin-stdlib-jdk8 1.7.20 via fabric-language-kotlin
	- org_jetbrains_kotlinx_atomicfu-jvm 0.18.4 via fabric-language-kotlin
	- org_jetbrains_kotlinx_kotlinx-coroutines-core-jvm 1.6.4 via fabric-language-kotlin
	- org_jetbrains_kotlinx_kotlinx-coroutines-jdk8 1.6.4 via fabric-language-kotlin
	- org_jetbrains_kotlinx_kotlinx-datetime-jvm 0.4.0 via fabric-language-kotlin
	- org_jetbrains_kotlinx_kotlinx-serialization-cbor-jvm 1.4.1 via fabric-language-kotlin
	- org_jetbrains_kotlinx_kotlinx-serialization-core-jvm 1.4.1 via fabric-language-kotlin
	- org_jetbrains_kotlinx_kotlinx-serialization-json-jvm 1.4.1 via fabric-language-kotlin
	- org_joml_joml 1.10.4 via sodium
	- pickupnotifier 4.2.0
	- pride 1.1.2+1.19 via lambdynlights
	- puzzle 1.4.0-1.19
	- puzzle-base 1.4.0-1.19 via puzzle
	- puzzle-gui 1.4.0-1.19 via puzzle
	- puzzle-models 1.4.0-1.19 via puzzle
	- puzzle-splashscreen 1.4.0-1.19 via puzzle
	- puzzleslib 4.3.12
	- reeses-sodium-options 1.4.7+mc1.19.2-build.59
	- settxi-gui-yacl 2.10.3 via zoomify
	- smoothboot 1.19-1.7.1
	- sodium 0.4.4+build.18
	- sodium-extra 0.4.11+mc1.19.2-build.68
	- spruceui 4.0.0+1.19 via enhancedblockentities
	- starlight 1.1.1+fabric.ae22326
	- xaerominimap 22.16.0
	- xaeroworldmap 1.28.1
	- yet-another-config-lib 1.6.0
	- yosbr 0.1.1
	- zoomify 2.8.0
[19:42:23] [main/INFO]: SpongePowered MIXIN Subsystem Version=0.8.5 Source=file:/D:/game/Minecraft/.minecraft/libraries/net/fabricmc/sponge-mixin/0.11.4+mixin.0.8.5/sponge-mixin-0.11.4+mixin.0.8.5.jar Service=Knot/Fabric Env=CLIENT
[19:42:23] [main/INFO]: Compatibility level set to JAVA_16
[19:42:23] [main/INFO]: Compatibility level set to JAVA_17
[19:42:24] [main/INFO]: Preloading Debugify
[19:42:24] [main/INFO]: Done.
[19:42:25] [main/INFO]: Loaded configuration file for Lithium: 105 options available, 1 override(s) found
[19:42:25] [main/INFO]: Loaded configuration file for Sodium: 29 options available, 2 override(s) found
[19:42:25] [main/INFO]: Loaded configuration file for Sodium Extra: 27 options available, 0 override(s) found
[19:42:25] [main/WARN]: Force disabled MC-121772 because it only applies to OS: MAC
[19:42:25] [main/WARN]: Force disabled MC-59810 because it only applies to OS: MAC
[19:42:25] [main/WARN]: Force-disabling mixin 'alloc.blockstate.StateMixin' as rule 'mixin.alloc.blockstate' (added by mods [ferritecore]) disables it and children
[19:42:25] [main/WARN]: Force-disabling mixin 'features.fast_biome_colors.MixinBackgroundRenderer' as rule 'mixin.features.fast_biome_colors' (added by mods [colormatic]) disables it and children
[19:42:25] [main/WARN]: Force-disabling mixin 'features.fast_biome_colors.MixinClientWorld' as rule 'mixin.features.fast_biome_colors' (added by mods [colormatic]) disables it and children
[19:42:25] [main/WARN]: Force-disabling mixin 'features.sky.MixinWorldRenderer' as rule 'mixin.features.sky' (added by mods [iris]) disables it and children
[19:42:26] [main/INFO]: I used the json to destroy the json
[19:42:26] [main/INFO]: Smooth Boot config initialized
[19:42:26] [main/WARN]: Configuration conflict: there is more than one oshi.properties file on the classpath
[19:42:27] [main/WARN]: Configuration conflict: there is more than one oshi.architecture.properties file on the classpath
[19:42:28] [main/INFO]: Mixing server.MixinPlayer from nochatreports.mixins.json into net.minecraft.class_1657
[19:42:30] [main/INFO]: Building unoptimized datafixer
[19:42:33] [Render thread/WARN]: Method overwrite conflict for method_22920 in sodium.mixins.json:features.buffer_builder.intrinsics.MixinBufferBuilder from mod sodium, previously written by net.coderbot.iris.mixin.vertices.block_rendering.MixinBufferBuilder_SeparateAo. Skipping method.
[19:42:33] [Render thread/INFO]: Mixing client.MixinTitleScreen from nochatreports.mixins.json into net.minecraft.class_442
[19:42:33] [Render thread/INFO]: Mixing client.MixinLocalPlayer from nochatreports.mixins.json into net.minecraft.class_746
[19:42:33] [Render thread/INFO]: Mixing client.MixinChatScreen from nochatreports.mixins.json into net.minecraft.class_408
[19:42:33] [Render thread/INFO]: Renaming synthetic method lambda$onInit$4(Lnet/minecraft/class_4185;Lnet/minecraft/class_4587;II)V to md8f5433$lambda$onInit$4$1 in nochatreports.mixins.json:client.MixinChatScreen from mod nochatreports
[19:42:33] [Render thread/INFO]: Renaming synthetic method lambda$onInit$3(Lnet/minecraft/class_4185;)V to md8f5433$lambda$onInit$3$2 in nochatreports.mixins.json:client.MixinChatScreen from mod nochatreports
[19:42:33] [Render thread/INFO]: Renaming synthetic method lambda$onInit$2(Lcom/aizistral/nochatreports/core/ServerSafetyLevel;Lnet/minecraft/class_4185;Lnet/minecraft/class_4587;II)V to md8f5433$lambda$onInit$2$3 in nochatreports.mixins.json:client.MixinChatScreen from mod nochatreports
[19:42:33] [Render thread/INFO]: Renaming synthetic method lambda$onInit$1(Lnet/minecraft/class_4185;)V to md8f5433$lambda$onInit$1$4 in nochatreports.mixins.json:client.MixinChatScreen from mod nochatreports
[19:42:33] [Render thread/INFO]: Renaming synthetic method lambda$onBeforeMessage$0(Ljava/lang/String;Lorg/spongepowered/asm/mixin/injection/callback/CallbackInfoReturnable;Lcom/aizistral/nochatreports/encryption/Encryptor;)V to md8f5433$lambda$onBeforeMessage$0$5 in nochatreports.mixins.json:client.MixinChatScreen from mod nochatreports
[19:42:34] [Render thread/INFO]: Environment: authHost='https://authserver.mojang.com', accountsHost='https://api.mojang.com', sessionHost='https://sessionserver.mojang.com', servicesHost='https://api.minecraftservices.com', name='PROD'
[19:42:34] [Render thread/ERROR]: Failed to verify authentication
com.mojang.authlib.exceptions.InvalidCredentialsException: Status: 401
	at com.mojang.authlib.exceptions.MinecraftClientHttpException.toAuthenticationException(MinecraftClientHttpException.java:56) ~[authlib-3.11.49.jar:?]
	at com.mojang.authlib.yggdrasil.YggdrasilUserApiService.fetchProperties(YggdrasilUserApiService.java:155) ~[authlib-3.11.49.jar:?]
	at com.mojang.authlib.yggdrasil.YggdrasilUserApiService.<init>(YggdrasilUserApiService.java:55) ~[authlib-3.11.49.jar:?]
	at com.mojang.authlib.yggdrasil.YggdrasilAuthenticationService.createUserApiService(YggdrasilAuthenticationService.java:161) ~[authlib-3.11.49.jar:?]
	at net.minecraft.class_310.method_31382(class_310.java:711) [client-intermediary.jar:?]
	at net.minecraft.class_310.<init>(class_310.java:431) [client-intermediary.jar:?]
	at net.minecraft.client.main.Main.method_44604(Main.java:205) [client-intermediary.jar:?]
	at net.minecraft.client.main.Main.main(Main.java:51) [client-intermediary.jar:?]
	at net.fabricmc.loader.impl.game.minecraft.MinecraftGameProvider.launch(MinecraftGameProvider.java:461) [fabric-loader-0.14.10.jar:?]
	at net.fabricmc.loader.impl.launch.knot.Knot.launch(Knot.java:74) [fabric-loader-0.14.10.jar:?]
	at net.fabricmc.loader.impl.launch.knot.KnotClient.main(KnotClient.java:23) [fabric-loader-0.14.10.jar:?]
Caused by: com.mojang.authlib.exceptions.MinecraftClientHttpException: Status: 401
	at com.mojang.authlib.minecraft.client.MinecraftClient.readInputStream(MinecraftClient.java:85) ~[authlib-3.11.49.jar:?]
	at com.mojang.authlib.minecraft.client.MinecraftClient.get(MinecraftClient.java:48) ~[authlib-3.11.49.jar:?]
	at com.mojang.authlib.yggdrasil.YggdrasilUserApiService.fetchProperties(YggdrasilUserApiService.java:129) ~[authlib-3.11.49.jar:?]
	... 9 more
[19:42:34] [Render thread/INFO]: Setting user: nessaj
[19:42:34] [Render thread/INFO]: Mixing client.MixinToastComponent from nochatreports.mixins.json into net.minecraft.class_374
[19:42:35] [Render thread/INFO]: Mixing server.MixinServerGamePacketListenerImpl from nochatreports.mixins.json into net.minecraft.class_3244
[19:42:35] [Render thread/INFO]: Fixing MC-151457. Crafting remainder for minecraft:pufferfish_bucket is now minecraft:bucket.
[19:42:35] [Render thread/INFO]: Fixing MC-151457. Crafting remainder for minecraft:salmon_bucket is now minecraft:bucket.
[19:42:35] [Render thread/INFO]: Fixing MC-151457. Crafting remainder for minecraft:cod_bucket is now minecraft:bucket.
[19:42:35] [Render thread/INFO]: Fixing MC-151457. Crafting remainder for minecraft:tropical_fish_bucket is now minecraft:bucket.
[19:42:35] [Render thread/INFO]: Fixing MC-151457. Crafting remainder for minecraft:axolotl_bucket is now minecraft:bucket.
[19:42:35] [Render thread/INFO]: Fixing MC-151457. Crafting remainder for minecraft:powder_snow_bucket is now minecraft:bucket.
[19:42:35] [Render thread/INFO]: Fixing MC-151457. Crafting remainder for minecraft:tadpole_bucket is now minecraft:bucket.
[19:42:35] [Render thread/INFO]: Saving config because the loaded bug fixes are different to stored json.
[19:42:35] [Render thread/INFO]: Saving Debugify
[19:42:35] [Render thread/INFO]: Enabled 11/75 bugs!
[19:42:35] [Render thread/INFO]: Successfully Debugify'd your game!
[19:42:35] [Render thread/INFO]: farsight mod initialized
[19:42:35] [Render thread/INFO]: Start loading plugin from jade
[19:42:35] [Render thread/INFO]: Start loading plugin from jade
[19:42:35] [Render thread/INFO]: Start loading plugin from jade
[19:42:35] [Render thread/INFO]: [MidnightControls] Initializing MidnightControls...
[19:42:35] [Render thread/INFO]: KONNICHIWA ZA WARUDO!
[19:42:35] [Render thread/INFO]: Default JVM text encoding is: UTF-8
[19:42:35] [Render thread/INFO]: Reading config file NoChatReports/NCR-Common.json...
[19:42:35] [Render thread/INFO]: Reading config file NoChatReports/NCR-Client.json...
[19:42:35] [Render thread/INFO]: Reading config file NoChatReports/NCR-ServerWhitelist.json...
[19:42:35] [Render thread/INFO]: Reading config file NoChatReports/NCR-Encryption.json...
[19:42:35] [Render thread/INFO]: Writing config file NoChatReports/NCR-Common.json...
[19:42:35] [Render thread/INFO]: Writing config file NoChatReports/NCR-Client.json...
[19:42:35] [Render thread/INFO]: Writing config file NoChatReports/NCR-ServerWhitelist.json...
[19:42:35] [Render thread/INFO]: Writing config file NoChatReports/NCR-Encryption.json...
[19:42:35] [Render thread/INFO]: NoFadeIn is running
[19:42:35] [Render thread/INFO]: Constructing common components for mod pickupnotifier
[19:42:35] [Render thread/INFO]: Loading client config for pickupnotifier
[19:42:35] [Thread-2/INFO]: Reloading client config for pickupnotifier
[19:42:36] [Render thread/INFO]: Constructing common components for mod puzzleslib
[19:42:36] [Render thread/INFO]: AdvancementInfo initialized
[19:42:36] [Render thread/INFO]: Loaded
[19:42:36] [Render thread/ERROR]: java.io.FileNotFoundException: D:\game\Minecraft\.minecraft\versions\Fabulously Optimized\config\betteradvancements.json (系统找不到指定的文件。)
[19:42:37] [Render thread/INFO]: Loading 62 entities from Custom Entity Models 0.7.1
[19:42:37] [Render thread/INFO]: [citresewn] Registering CIT Conditions
[19:42:37] [Render thread/INFO]: [citresewn] Registering CIT Types
[19:42:37] [Render thread/INFO]: Re-caching descriptions because json doesn't match config.
[19:42:37] [Render thread/INFO]: Connecting to 'bugs.mojang.com' to cache bug descriptions!
[19:42:37] [Render thread/INFO]: Loaded config file.
[19:42:37] [Render thread/INFO]: Saved config file.
[19:42:37] [Render thread/WARN]: Static binding violation: PRIVATE @Overwrite method method_23182 in sodium.mixins.json:features.item.MixinItemRenderer from mod sodium cannot reduce visibiliy of PUBLIC target method, visibility will be upgraded.
[19:42:37] [Render thread/INFO]: Loading Entity Texture Features, Thank you for 1 Million downloads :)
[19:42:37] [Render thread/INFO]: [Indigo] Different rendering plugin detected; not applying Indigo.
[19:42:38] [Render thread/INFO]: [STDOUT]: Inventory HUD + has been initialized!
[19:42:38] [Render thread/INFO]: [LambdaBetterGrass] Initializing LambdaBetterGrass...
[19:42:38] [Render thread/INFO]: [LambdaBetterGrass] Configuration loaded.
[19:42:38] [Render thread/INFO]: [LambDynLights] Initializing LambDynamicLights...
[19:42:38] [Render thread/INFO]: [LambDynLights] Configuration loaded.
[19:42:38] [Render thread/INFO]: Mixing client.MixinJoinMultiplayerScreen from nochatreports.mixins.json into net.minecraft.class_500
[19:42:38] [Render thread/INFO]: Renaming synthetic method lambda$onInit$3(Lnet/minecraft/class_4185;Lnet/minecraft/class_4587;II)V to md8f5433$lambda$onInit$3$0 in nochatreports.mixins.json:client.MixinJoinMultiplayerScreen from mod nochatreports
[19:42:38] [Render thread/INFO]: Renaming synthetic method lambda$onInit$2(Lnet/minecraft/class_4185;)V to md8f5433$lambda$onInit$2$1 in nochatreports.mixins.json:client.MixinJoinMultiplayerScreen from mod nochatreports
[19:42:38] [Render thread/INFO]: Renaming synthetic method lambda$onInit$1(Lnet/minecraft/class_4185;Lnet/minecraft/class_4587;II)V to md8f5433$lambda$onInit$1$2 in nochatreports.mixins.json:client.MixinJoinMultiplayerScreen from mod nochatreports
[19:42:38] [Render thread/INFO]: Renaming synthetic method lambda$onInit$0(Lnet/minecraft/class_4185;)V to md8f5433$lambda$onInit$0$3 in nochatreports.mixins.json:client.MixinJoinMultiplayerScreen from mod nochatreports
[19:42:38] [Render thread/INFO]: Mixing client.AccessorDisconnectedScreen from nochatreports.mixins.json into net.minecraft.class_419
[19:42:38] [Render thread/INFO]: Client initialization...
[19:42:38] [Render thread/INFO]: OptiGUI initialized.
[19:42:38] [Render thread/INFO]: Loading Xaero's Minimap - Stage 1/2
[19:42:39] [Render thread/INFO]: Loading Xaero's World Map - Stage 1/2
[19:42:40] [Render thread/INFO]: Mixing client.MixinOptions from nochatreports.mixins.json into net.minecraft.class_315
[19:42:40] [Render thread/INFO]: Renaming synthetic method lambda$onlyShowSecureChat$1(Ljava/lang/Boolean;)V to md8f5433$lambda$onlyShowSecureChat$1$0 in nochatreports.mixins.json:client.MixinOptions from mod nochatreports
[19:42:40] [Render thread/INFO]: Renaming synthetic method lambda$onlyShowSecureChat$0(Lnet/minecraft/class_2561;Ljava/lang/Boolean;)Lnet/minecraft/class_2561; to md8f5433$lambda$onlyShowSecureChat$0$1 in nochatreports.mixins.json:client.MixinOptions from mod nochatreports
[19:42:40] [Render thread/INFO]: Mixing client.MixinChatComponent from nochatreports.mixins.json into net.minecraft.class_338
[19:42:40] [Render thread/INFO]: Renaming synthetic method lambda$modifyGUIMessage$1()V to md8f5433$lambda$modifyGUIMessage$1$0 in nochatreports.mixins.json:client.MixinChatComponent from mod nochatreports
[19:42:40] [Render thread/INFO]: Renaming synthetic method lambda$modifyGUIMessage$0(Lnet/minecraft/class_5348;Lnet/minecraft/class_2561;)V to md8f5433$lambda$modifyGUIMessage$0$1 in nochatreports.mixins.json:client.MixinChatComponent from mod nochatreports
[19:42:40] [Render thread/INFO]: Mixing client.MixinGuiMessageTagIcon from nochatreports.mixins.json into net.minecraft.class_7591$class_7592
[19:42:40] [Render thread/INFO]: Renaming @Invoker method create(Ljava/lang/String;IIIII)Lnet/minecraft/class_7591$class_7592; to create_$md$8f5433$0 in nochatreports.mixins.json:client.MixinGuiMessageTagIcon from mod nochatreports
[19:42:41] [Render thread/INFO]: Backend library: LWJGL version 3.3.1 SNAPSHOT
[19:42:41] [Render thread/INFO]: ARB_direct_state_access detected, enabling DSA.
[19:42:41] [Render thread/INFO]: Debug functionality is disabled.
[19:42:41] [Render thread/INFO]: Shaders are disabled because enableShaders is set to false in iris.properties
[19:42:41] [Render thread/INFO]: Shaders are disabled
[19:42:41] [Render thread/INFO]: ARRP register - before vanilla
[19:42:41] [Render thread/INFO]: ARRP register - after vanilla
[19:42:44] [Render thread/INFO]: Hardware information:
[19:42:44] [Render thread/INFO]: CPU: 4x Intel(R) Core(TM) i3-9100F CPU @ 3.60GHz
[19:42:44] [Render thread/INFO]: GPU: Radeon RX 570 Series (Supports OpenGL 3.2.14800 Core Profile Forward-Compatible Context 22.6.1 30.0.21023.1015)
[19:42:44] [Render thread/INFO]: OS: Windows 10 (10.0)
[19:42:44] [Render thread/INFO]: Mixing client.MixinProfileKeyPairManager from nochatreports.mixins.json into net.minecraft.class_7434
[19:42:44] [Worker-Main-1/ERROR]: Failed to retrieve profile key pair
java.io.IOException: Could not retrieve profile key pair
	at net.minecraft.class_7434.method_43605(class_7434.java:130) ~[client-intermediary.jar:?]
	at net.minecraft.class_7434.method_44291(class_7434.java:69) ~[client-intermediary.jar:?]
	at java.util.concurrent.CompletableFuture$AsyncSupply.run(CompletableFuture.java:1768) [?:?]
	at java.util.concurrent.CompletableFuture$AsyncSupply.exec(CompletableFuture.java:1760) [?:?]
	at java.util.concurrent.ForkJoinTask.doExec(ForkJoinTask.java:373) [?:?]
	at java.util.concurrent.ForkJoinPool$WorkQueue.topLevelExec(ForkJoinPool.java:1182) [?:?]
	at java.util.concurrent.ForkJoinPool.scan(ForkJoinPool.java:1655) [?:?]
	at java.util.concurrent.ForkJoinPool.runWorker(ForkJoinPool.java:1622) [?:?]
	at java.util.concurrent.ForkJoinWorkerThread.run(ForkJoinWorkerThread.java:165) [?:?]
[19:42:44] [Render thread/INFO]: Narrator library for x64 successfully loaded
[19:42:44] [Render thread/INFO]: Mixing client.MixinChatListener from nochatreports.mixins.json into net.minecraft.class_7594
[19:42:44] [Render thread/INFO]: Reloading ResourceManager: Default, Fabric Mods (Runtime Resource Pack, AdvancementInfo, Amecs API, Animatica, AntiGhost, BackSlot, BackSlot Addon, Better Advancements, Better Mount HUD, Better Third Person, Bookshelf, Borderless Mining, CaffeineConfig, Capes, Cardinal Components API (base), Cardinal Components API (blocks), Cardinal Components API (chunks), Cardinal Components API (entities), Cardinal Components API (worlds), Custom Entity Models, CIT Resewn, CIT Resewn: Defaults, Cloth Config v8, Clumps, Colormatic, completeconfig-base, conditional mixin, Continuity, Controlling For Fabric, Cull Less Leaves, Debugify, Dynamic FPS, EnchantmentDescriptions, Enhanced Block Entities, Entity Texture Features, EntityCulling-Fabric, Fabric API, Fabric API Base, Fabric API Lookup API (v1), Fabric Biome API (v1), Fabric BlockRenderLayer Registration (v1), Fabric Client Tags, Fabric Command API (v1), Fabric Command API (v2), Fabric Commands (v0), Fabric Containers (v0), Fabric Content Registries (v0), Fabric Convention Tags, Fabric Crash Report Info (v1), Fabric Data Generation API (v1), Fabric Dimensions API (v1), Fabric Entity Events (v1), Fabric Events Interaction (v0), Fabric Events Lifecycle (v0), Fabric Game Rule API (v1), Fabric Item API (v1), Fabric Item Groups (v0), Fabric Key Binding API (v1), Fabric Key Bindings (v0), Fabric Language Kotlin, Fabric Lifecycle Events (v1), Fabric Loot API (v2), Fabric Loot Tables (v1), Fabric Message API (v1), Fabric Mining Level API (v1), Fabric Models (v0), Fabric Networking API (v1), Fabric Networking (v0), Fabric Object Builder API (v1), Fabric Particles (v1), Fabric Registry Sync (v0), Fabric Renderer API (v1), Fabric Renderer - Indigo, Fabric Renderer Registries (v1), Fabric Rendering Data Attachment (v1), Fabric Rendering Fluids (v1), Fabric Rendering (v0), Fabric Rendering (v1), Fabric Resource Conditions API (v1), Fabric Resource Loader (v0), Fabric Screen API (v1), Fabric Screen Handler API (v1), Fabric Sound API (v1), Fabric Textures (v0), Fabric Transfer API (v1), Fabric Transitive Access Wideners (v1), Fabric Loader, Fabrishot, Farsight Mod, Forge Config API Port, Indium, Inventory HUD +, Iris, Item Model Fix, Jade, Just Enough Items, LambdaBetterGrass, LambDynamicLights, Language Reload, LazyDFU, Lithium, memory Leak Fix, MidnightControls, MidnightLib, MixinTrace, Mod Menu, MoreChatHistory, No Chat Reports, No Fade, OmegaConfig, OptiGUI, Orderly, Pride Lib, Puzzle, Puzzle Base, Puzzle GUI, Puzzle Models, Puzzle Splash Screen, Reese's Sodium Options, Smooth Boot, Sodium, Sodium Extra, SpruceUI, Starlight, Xaero's Minimap, Xaero's World Map, YetAnotherConfigLib, YOSBR, Zoomify), lambdabettergrass/default, continuity/default, continuity/glass_pane_culling_fix, Mod Menu Helper.zip, midnightcontrols/bedrock
[19:42:44] [Render thread/INFO]: [LambdaBetterGrass] Inject generated resource packs.
[19:42:44] [Render thread/INFO]: ARRP register - before vanilla
[19:42:44] [Render thread/INFO]: ARRP register - after vanilla
[19:42:44] [Render thread/ERROR]: [citresewn] Caution! Broken paths is enabled!
[19:42:44] [Render thread/INFO]: Creating pipeline for dimension OVERWORLD
[19:42:44] [Render thread/INFO]: [MidnightControls] Configuration loaded.
[19:42:44] [Render thread/INFO]: [MidnightControls] Updating controller mappings...
[19:42:44] [Render thread/INFO]: [MemoryLeakFix] Attempting to ForceLoad All Mixins and clear cache
[19:42:45] [Render thread/INFO]: Mixing client.MixinGuiMessageTag from nochatreports.mixins.json into net.minecraft.class_7591
[19:42:45] [Render thread/INFO]: Mixing server.MixinServerboundChatPacket from nochatreports.mixins.json into net.minecraft.class_2797
[19:42:45] [Render thread/INFO]: Mixing client.MixinOnlineServerEntry from nochatreports.mixins.json into net.minecraft.class_4267$class_4270
[19:42:45] [Render thread/INFO]: Renaming synthetic method lambda$onRender$0()Ljava/util/ArrayList; to md8f5433$lambda$onRender$0$0 in nochatreports.mixins.json:client.MixinOnlineServerEntry from mod nochatreports
[19:42:45] [Render thread/INFO]: Mixing common.MixinServerStatus from nochatreports.mixins.json into net.minecraft.class_2926
[19:42:45] [Render thread/INFO]: Mixing client.MixinPlayerEntry from nochatreports.mixins.json into net.minecraft.class_5519
[19:42:45] [Render thread/INFO]: Renaming synthetic method lambda$onConstructed$1(Lnet/minecraft/class_4185;)V to md8f5433$lambda$onConstructed$1$0 in nochatreports.mixins.json:client.MixinPlayerEntry from mod nochatreports
[19:42:45] [Render thread/INFO]: Renaming synthetic method lambda$onConstructed$0(Lnet/minecraft/class_4185;)V to md8f5433$lambda$onConstructed$0$1 in nochatreports.mixins.json:client.MixinPlayerEntry from mod nochatreports
[19:42:45] [Render thread/INFO]: Mixing client.MixinClientTelemetryManager from nochatreports.mixins.json into net.minecraft.class_6628
[19:42:45] [Render thread/INFO]: Mixing server.MixinPlayerList from nochatreports.mixins.json into net.minecraft.class_3324
[19:42:45] [Render thread/INFO]: Mixing client.MixinClientboundHelloPacket from nochatreports.mixins.json into net.minecraft.class_2905
[19:42:45] [Render thread/WARN]: Method overwrite conflict for getProgress in languagereload.mixins.json:AdvancementWidgetAccessor from mod languagereload, previously written by de.guntram.mcmod.advancementinfo.mixin.AdvancementWidgetMixin. Skipping method.
[19:42:45] [Render thread/INFO]: Mixing client.MixinRealmsConnect from nochatreports.mixins.json into net.minecraft.class_4902
[19:42:46] [Render thread/INFO]: Mixing common.MixinServerStatusSerializer from nochatreports.mixins.json into net.minecraft.class_2926$class_2929
[19:42:46] [Render thread/WARN]: @Redirect conflict. Skipping mixins.iris.compat.sodium.json:vertex_format.MixinFluidRenderer from mod iris->@Redirect::iris$fixSidewaysInnerFaceNormal(Lme/jellysquid/mods/sodium/client/model/IndexBufferBuilder;ILme/jellysquid/mods/sodium/client/model/quad/properties/ModelQuadWinding;Lnet/minecraft/class_1920;Lnet/minecraft/class_3610;Lnet/minecraft/class_2338;Lnet/minecraft/class_2338;Lme/jellysquid/mods/sodium/client/render/chunk/compile/buffers/ChunkModelBuilder;)V with priority 1000, already redirected by mixins.iris.compat.sodium.json:vertex_format.MixinFluidRenderer from mod iris->@Redirect::iris$fixBackwardUpFaceNormal(Lme/jellysquid/mods/sodium/client/model/IndexBufferBuilder;ILme/jellysquid/mods/sodium/client/model/quad/properties/ModelQuadWinding;Lnet/minecraft/class_1920;Lnet/minecraft/class_3610;Lnet/minecraft/class_2338;Lnet/minecraft/class_2338;Lme/jellysquid/mods/sodium/client/render/chunk/compile/buffers/ChunkModelBuilder;)V with priority 1000
[19:42:46] [Render thread/INFO]: Mixing client.MixinConnectScreen from nochatreports.mixins.json into net.minecraft.class_412
[19:42:46] [Render thread/INFO]: Mixing client.MixinServerData from nochatreports.mixins.json into net.minecraft.class_642
[19:42:46] [Render thread/INFO]: Mixing client.MixinChatOptionsScreen from nochatreports.mixins.json into net.minecraft.class_404
[19:42:46] [Render thread/INFO]: Mixing client.MixinServerStatusPinger$1 from nochatreports.mixins.json into net.minecraft.class_644$1
[19:42:46] [Render thread/INFO]: [MemoryLeakFix] Done ForceLoad and clearing SpongePowered cache
[19:42:46] [Render thread/INFO]: Loading Xaero's Minimap - Stage 2/2
[19:42:46] [Realms Notification Availability checker #1/INFO]: Could not authorize you against Realms server: Invalid session id
[19:42:47] [Render thread/INFO]: Xaero's Minimap: World Map found!
[19:42:47] [Render thread/INFO]: No Optifine!
[19:42:47] [Render thread/INFO]: Xaero's Minimap: No Vivecraft!
[19:42:47] [Render thread/INFO]: [STDOUT]: InvGUI Initialized
[19:42:47] [Render thread/INFO]: Loading Xaero's World Map - Stage 2/2
[19:42:47] [Render thread/INFO]: New world map region cache hash code: -2074457377
[19:42:47] [Render thread/INFO]: Xaero's WorldMap Mod: Xaero's minimap found!
[19:42:47] [Render thread/INFO]: No Optifine!
[19:42:47] [Render thread/INFO]: Xaero's World Map: No Vivecraft!
[19:42:49] [Render thread/WARN]: Missing sound for event: minecraft:item.goat_horn.play
[19:42:49] [Render thread/WARN]: Missing sound for event: minecraft:entity.goat.screaming.horn_break
[19:42:49] [Render thread/INFO]: OpenAL initialized on device OpenAL Soft on 扬声器 (EDIFIER M30)
[19:42:49] [Render thread/INFO]: Sound engine started
[19:42:49] [Render thread/INFO]: Created: 1024x1024x4 minecraft:textures/atlas/blocks.png-atlas
[19:42:49] [Render thread/INFO]: Created: 256x128x4 minecraft:textures/atlas/signs.png-atlas
[19:42:49] [Render thread/INFO]: Created: 512x512x4 minecraft:textures/atlas/banner_patterns.png-atlas
[19:42:49] [Render thread/INFO]: Created: 512x512x4 minecraft:textures/atlas/shield_patterns.png-atlas
[19:42:49] [Render thread/INFO]: Created: 256x256x4 minecraft:textures/atlas/chest.png-atlas
[19:42:49] [Render thread/INFO]: Created: 512x256x4 minecraft:textures/atlas/beds.png-atlas
[19:42:49] [Render thread/INFO]: Created: 512x256x4 minecraft:textures/atlas/shulker_boxes.png-atlas
[19:42:50] [Render thread/WARN]: Shader rendertype_entity_translucent_emissive could not find sampler named Sampler2 in the specified shader program.
[19:42:50] [Render thread/INFO]: Created: 256x256x0 minecraft:textures/atlas/particles.png-atlas
[19:42:50] [Render thread/INFO]: Created: 256x256x0 minecraft:textures/atlas/paintings.png-atlas
[19:42:50] [Render thread/INFO]: Created: 128x128x0 minecraft:textures/atlas/mob_effects.png-atlas
[19:42:50] [Render thread/INFO]: Created: 256x128x0 jei:textures/atlas/gui.png-atlas
[19:42:50] [Render thread/INFO]: Successfully reloaded the minimap shaders!
[19:42:50] [Render thread/INFO]: Successfully reloaded the world map shaders!
[19:42:50] [Render thread/WARN]: getErrorETFTexture() was called, investigate this if called too much
[19:42:50] [Render thread/INFO]: emissive suffixes loaded: {_e}
[19:42:50] [Render thread/INFO]: emissive suffixes loaded: {_e}
[19:43:19] [Render thread/INFO]: emissive suffixes loaded: {_e}
[19:43:19] [Render thread/INFO]: Connecting to 43.142.54.36, 6999
[19:43:19] [Worker-Main-7/ERROR]: Failed to retrieve profile key pair
java.io.IOException: Could not retrieve profile key pair
	at net.minecraft.class_7434.method_43605(class_7434.java:130) ~[client-intermediary.jar:?]
	at net.minecraft.class_7434.method_44291(class_7434.java:69) ~[client-intermediary.jar:?]
	at java.util.concurrent.CompletableFuture$AsyncSupply.run(CompletableFuture.java:1768) [?:?]
	at java.util.concurrent.CompletableFuture$AsyncSupply.exec(CompletableFuture.java:1760) [?:?]
	at java.util.concurrent.ForkJoinTask.doExec(ForkJoinTask.java:373) [?:?]
	at java.util.concurrent.ForkJoinPool$WorkQueue.topLevelExec(ForkJoinPool.java:1182) [?:?]
	at java.util.concurrent.ForkJoinPool.scan(ForkJoinPool.java:1655) [?:?]
	at java.util.concurrent.ForkJoinPool.runWorker(ForkJoinPool.java:1622) [?:?]
	at java.util.concurrent.ForkJoinWorkerThread.run(ForkJoinWorkerThread.java:165) [?:?]
[19:43:24] [Netty Client IO #0/INFO]: Connected to a vanilla server. Catching up missing behaviour.
[19:43:24] [Netty Client IO #0/INFO]: Loading server config for pickupnotifier
[19:43:24] [Render thread/INFO]: New minimap session initialized!
[19:43:24] [Render thread/INFO]: New world map session initialized!
[19:43:24] [Render thread/INFO]: Started 1 worker threads
[19:43:24] [Render thread/INFO]: Starting JEI...
[19:43:24] [Render thread/INFO]: Registering item subtypes: jei:minecraft ...
[19:43:24] [Render thread/INFO]: Registering item subtypes: jei:minecraft took 3.001 ms
[19:43:24] [Render thread/INFO]: Registering item subtypes: jade:main ...
[19:43:24] [Render thread/INFO]: Registering item subtypes: jade:main took 17.10 μs
[19:43:24] [Render thread/INFO]: Registering item subtypes: jei:debug ...
[19:43:24] [Render thread/INFO]: Registering item subtypes: jei:debug took 9.900 μs
[19:43:24] [Render thread/INFO]: Registering item subtypes: jei:internal ...
[19:43:24] [Render thread/INFO]: Registering item subtypes: jei:internal took 9.800 μs
[19:43:24] [Render thread/INFO]: Registering fluid subtypes: jei:minecraft ...
[19:43:24] [Render thread/INFO]: Registering fluid subtypes: jei:minecraft took 17.90 μs
[19:43:24] [Render thread/INFO]: Registering fluid subtypes: jade:main ...
[19:43:24] [Render thread/INFO]: Registering fluid subtypes: jade:main took 9.900 μs
[19:43:24] [Render thread/INFO]: Registering fluid subtypes: jei:debug ...
[19:43:24] [Render thread/INFO]: Registering fluid subtypes: jei:debug took 1.992 ms
[19:43:24] [Render thread/INFO]: Registering fluid subtypes: jei:internal ...
[19:43:24] [Render thread/INFO]: Registering fluid subtypes: jei:internal took 11.60 μs
[19:43:24] [Render thread/INFO]: Registering ingredients: jei:minecraft ...
[19:43:24] [Render thread/INFO]: Registering ingredients: jei:minecraft took 28.66 ms
[19:43:24] [Render thread/INFO]: Registering ingredients: jade:main ...
[19:43:24] [Render thread/INFO]: Registering ingredients: jade:main took 12.20 μs
[19:43:24] [Render thread/INFO]: Registering ingredients: jei:debug ...
[19:43:24] [Render thread/INFO]: Loading config file: D:\game\Minecraft\.minecraft\versions\Fabulously Optimized\config\jei\jei-client.ini
[19:43:24] [Render thread/INFO]: Registering ingredients: jei:debug took 4.412 ms
[19:43:24] [Render thread/INFO]: Registering ingredients: jei:internal ...
[19:43:24] [Render thread/INFO]: Registering ingredients: jei:internal took 11.20 μs
[19:43:24] [Render thread/INFO]: Building ingredient list...
[19:43:25] [Render thread/INFO]: Building ingredient list took 5.430 ms
[19:43:25] [Render thread/INFO]: Building ingredient filter...
[19:43:25] [Render thread/INFO]: Adding 1406 ingredients
[19:43:25] [InventoryHUD+ version check/INFO]: [STDOUT]: [InventoryHUD+] Failed to process update information:
java.net.UnknownHostException: raw.githubusercontent.com
[19:43:25] [Render thread/INFO]: Added 1406 ingredients
[19:43:25] [Render thread/INFO]: Building ingredient filter took 153.1 ms
[19:43:25] [Render thread/INFO]: Building bookmarks...
[19:43:25] [Render thread/INFO]: Building bookmarks took 3.796 ms
[19:43:25] [Render thread/INFO]: Registering categories: jei:minecraft ...
[19:43:25] [Render thread/INFO]: Registering categories: jei:minecraft took 20.52 ms
[19:43:25] [Render thread/INFO]: Registering categories: jade:main ...
[19:43:25] [Render thread/INFO]: Registering categories: jade:main took 13.80 μs
[19:43:25] [Render thread/INFO]: Registering categories: jei:debug ...
[19:43:25] [Render thread/INFO]: Registering categories: jei:debug took 12.80 μs
[19:43:25] [Render thread/INFO]: Registering categories: jei:internal ...
[19:43:25] [Render thread/INFO]: Registering categories: jei:internal took 1.425 ms
[19:43:25] [Render thread/INFO]: Registering vanilla category extensions: jei:minecraft ...
[19:43:25] [Render thread/INFO]: Registering vanilla category extensions: jei:minecraft took 2.158 ms
[19:43:25] [Render thread/INFO]: Registering vanilla category extensions: jade:main ...
[19:43:25] [Render thread/INFO]: Registering vanilla category extensions: jade:main took 14.30 μs
[19:43:25] [Render thread/INFO]: Registering vanilla category extensions: jei:debug ...
[19:43:25] [Render thread/INFO]: Registering vanilla category extensions: jei:debug took 10.10 μs
[19:43:25] [Render thread/INFO]: Registering vanilla category extensions: jei:internal ...
[19:43:25] [Render thread/INFO]: Registering vanilla category extensions: jei:internal took 12.30 μs
[19:43:25] [Render thread/INFO]: Registering recipe catalysts: jei:minecraft ...
[19:43:25] [Render thread/INFO]: Registering recipe catalysts: jei:minecraft took 272.4 μs
[19:43:25] [Render thread/INFO]: Registering recipe catalysts: jade:main ...
[19:43:25] [Render thread/INFO]: Registering recipe catalysts: jade:main took 16.40 μs
[19:43:25] [Render thread/INFO]: Registering recipe catalysts: jei:debug ...
[19:43:25] [Render thread/INFO]: Registering recipe catalysts: jei:debug took 15.70 μs
[19:43:25] [Render thread/INFO]: Registering recipe catalysts: jei:internal ...
[19:43:25] [Render thread/INFO]: Registering recipe catalysts: jei:internal took 9.200 μs
[19:43:25] [Render thread/INFO]: Registering advanced plugins: jei:minecraft ...
[19:43:25] [Render thread/INFO]: Registering advanced plugins: jei:minecraft took 35.80 μs
[19:43:25] [Render thread/INFO]: Registering advanced plugins: jade:main ...
[19:43:25] [Render thread/INFO]: Registering advanced plugins: jade:main took 10.20 μs
[19:43:25] [Render thread/INFO]: Registering advanced plugins: jei:debug ...
[19:43:25] [Render thread/INFO]: Registering advanced plugins: jei:debug took 8.000 μs
[19:43:25] [Render thread/INFO]: Registering advanced plugins: jei:internal ...
[19:43:25] [Render thread/INFO]: Registering advanced plugins: jei:internal took 11.80 μs
[19:43:25] [Render thread/INFO]: Building recipe registry...
[19:43:25] [Render thread/INFO]: Building recipe registry took 12.76 ms
[19:43:25] [Render thread/INFO]: Registering recipes: jei:minecraft ...
[19:43:25] [Render thread/INFO]: Registering recipes: jei:minecraft took 173.0 ms
[19:43:25] [Render thread/INFO]: Registering recipes: jade:main ...
[19:43:25] [Render thread/INFO]: Registering recipes: jade:main took 23.50 μs
[19:43:25] [Render thread/INFO]: Registering recipes: jei:debug ...
[19:43:25] [Render thread/INFO]: Registering recipes: jei:debug took 19.40 μs
[19:43:25] [Render thread/INFO]: Registering recipes: jei:internal ...
[19:43:25] [Render thread/INFO]: Registering recipes: jei:internal took 8.900 μs
[19:43:25] [Render thread/INFO]: Registering recipes transfer handlers: jei:minecraft ...
[19:43:25] [Render thread/INFO]: Registering recipes transfer handlers: jei:minecraft took 3.154 ms
[19:43:25] [Render thread/INFO]: Registering recipes transfer handlers: jade:main ...
[19:43:25] [Render thread/INFO]: Registering recipes transfer handlers: jade:main took 12.20 μs
[19:43:25] [Render thread/INFO]: Registering recipes transfer handlers: jei:debug ...
[19:43:25] [Render thread/INFO]: Registering recipes transfer handlers: jei:debug took 9.400 μs
[19:43:25] [Render thread/INFO]: Registering recipes transfer handlers: jei:internal ...
[19:43:25] [Render thread/INFO]: Registering recipes transfer handlers: jei:internal took 14.80 μs
[19:43:25] [Render thread/INFO]: Building runtime...
[19:43:25] [Render thread/INFO]: Registering gui handlers: jei:minecraft ...
[19:43:25] [Render thread/INFO]: Registering gui handlers: jei:minecraft took 10.75 ms
[19:43:25] [Render thread/INFO]: Registering gui handlers: jade:main ...
[19:43:25] [Render thread/INFO]: Registering gui handlers: jade:main took 11.40 μs
[19:43:25] [Render thread/INFO]: Registering gui handlers: jei:debug ...
[19:43:25] [Render thread/INFO]: Registering gui handlers: jei:debug took 11.80 μs
[19:43:25] [Render thread/INFO]: Registering gui handlers: jei:internal ...
[19:43:25] [Render thread/INFO]: Registering gui handlers: jei:internal took 6.096 ms
[19:43:25] [Render thread/INFO]: Building runtime took 50.87 ms
[19:43:25] [Render thread/INFO]: Sending Runtime: jei:minecraft ...
[19:43:25] [Render thread/INFO]: Sending Runtime: jei:minecraft took 19.00 μs
[19:43:25] [Render thread/INFO]: Sending Runtime: jade:main ...
[19:43:25] [Render thread/INFO]: Sending Runtime: jade:main took 11.50 μs
[19:43:25] [Render thread/INFO]: Sending Runtime: jei:debug ...
[19:43:25] [Render thread/INFO]: Sending Runtime: jei:debug took 13.80 μs
[19:43:25] [Render thread/INFO]: Sending Runtime: jei:internal ...
[19:43:25] [Render thread/INFO]: Sending Runtime: jei:internal took 8.200 μs
[19:43:25] [Render thread/INFO]: Starting JEI took 553.9 ms
[19:43:26] [Render thread/INFO]: [CHAT] nessaj加入了游戏
[19:43:26] [Render thread/INFO]: Loaded 37 advancements
[19:43:26] [Render thread/INFO]: Animated skins are disabled!
[19:43:26] [Render thread/INFO]: Reloading entity icon resources...
[19:43:26] [Render thread/INFO]: Done!
[19:43:56] [Render thread/INFO]: [CHAT] 已将nessaj传送到241.500000, 80.500000, -59.500000
[19:44:09] [Render thread/INFO]: [CHAT] 已将nessaj传送到190.500000, 74.500000, -96.500000
[19:44:33] [Render thread/INFO]: Minimap session finalized.
[19:44:33] [Render thread/INFO]: Finalizing world map session...
[19:44:33] [Thread-10/INFO]: World map force-cleaned!
[19:44:33] [Render thread/INFO]: World map session finalized.
[19:44:33] [Render thread/INFO]: Unloading server config for pickupnotifier
[19:44:33] [Render thread/INFO]: Stopping JEI
[19:44:33] [Render thread/INFO]: Stopping worker threads
[19:44:33] [Render thread/INFO]: emissive suffixes loaded: {_e}
[19:44:34] [Render thread/INFO]: Stopping!
[19:44:34] [Render thread/INFO]: emissive suffixes loaded: {_e}
